<?xml version="1.0" encoding="UTF-8"?>
<testng-results ignored="0" total="1" passed="1" failed="0" skipped="0">
  <reporter-output>
  </reporter-output>
  <suite started-at="2026-08-11T11:47:49 IST" name="Default suite" finished-at="2026-08-11T11:47:59 IST" duration-ms="9424">
    <groups>
    </groups>
    <test started-at="2026-08-11T11:47:49 IST" name="Default test" finished-at="2026-08-11T11:47:59 IST" duration-ms="9424">
      <class name="pac.LoginTest">
        <test-method is-config="true" signature="setup()[pri:0, instance:pac.LoginTest@3c41ed1d]" started-at="2026-08-11T11:47:49 IST" name="setup" finished-at="2026-08-11T11:47:52 IST" duration-ms="2819" status="PASS">
          <reporter-output>
          </reporter-output>
        </test-method> <!-- setup -->
        <test-method signature="registerUser()[pri:0, instance:pac.LoginTest@3c41ed1d]" started-at="2026-08-11T11:47:52 IST" name="registerUser" finished-at="2026-08-11T11:47:58 IST" duration-ms="6140" status="PASS">
          <reporter-output>
          </reporter-output>
        </test-method> <!-- registerUser -->
        <test-method is-config="true" signature="tearDown()[pri:0, instance:pac.LoginTest@3c41ed1d]" started-at="2026-08-11T11:47:58 IST" name="tearDown" finished-at="2026-08-11T11:47:59 IST" duration-ms="426" status="PASS">
          <reporter-output>
          </reporter-output>
        </test-method> <!-- tearDown -->
      </class> <!-- pac.LoginTest -->
    </test> <!-- Default test -->
  </suite> <!-- Default suite -->
</testng-results>
