<?xml version="1.0" encoding="UTF-8"?>
<testng-results ignored="0" total="2" passed="2" failed="0" skipped="0">
  <reporter-output>
    <line>
      <![CDATA[Launching Browser]]>
    </line>
    <line>
      <![CDATA[Clicked on Desktops]]>
    </line>
    <line>
      <![CDATA[Mac Heading Verified]]>
    </line>
    <line>
      <![CDATA[Add to cart Verified]]>
    </line>
    <line>
      <![CDATA[Clicked on Desktops]]>
    </line>
    <line>
      <![CDATA[Mac Heading Verified]]>
    </line>
    <line>
      <![CDATA[Add to cart Verified]]>
    </line>
  </reporter-output>
  <suite started-at="2026-08-12T12:16:08 IST" name="Default suite" finished-at="2026-08-12T12:16:13 IST" duration-ms="4618">
    <groups>
    </groups>
    <test started-at="2026-08-12T12:16:08 IST" name="Default test" finished-at="2026-08-12T12:16:13 IST" duration-ms="4618">
      <class name="pac.DesktopTest">
        <test-method is-config="true" signature="setup()[pri:0, instance:pac.DesktopTest@24313fcc]" started-at="2026-08-12T12:15:43 IST" name="setup" finished-at="2026-08-12T12:16:08 IST" duration-ms="25139" status="PASS">
          <reporter-output>
            <line>
              <![CDATA[Launching Browser]]>
            </line>
          </reporter-output>
        </test-method> <!-- setup -->
        <test-method is-config="true" signature="beforeTest()[pri:0, instance:pac.DesktopTest@24313fcc]" started-at="2026-08-12T12:16:08 IST" name="beforeTest" finished-at="2026-08-12T12:16:08 IST" duration-ms="4" status="PASS">
          <reporter-output>
          </reporter-output>
        </test-method> <!-- beforeTest -->
        <test-method is-config="true" signature="beforeClass()[pri:0, instance:pac.DesktopTest@24313fcc]" started-at="2026-08-12T12:16:08 IST" name="beforeClass" finished-at="2026-08-12T12:16:08 IST" duration-ms="0" status="PASS">
          <reporter-output>
          </reporter-output>
        </test-method> <!-- beforeClass -->
        <test-method is-config="true" signature="beforeMethod()[pri:0, instance:pac.DesktopTest@24313fcc]" started-at="2026-08-12T12:16:08 IST" name="beforeMethod" finished-at="2026-08-12T12:16:08 IST" duration-ms="1" status="PASS">
          <reporter-output>
          </reporter-output>
        </test-method> <!-- beforeMethod -->
        <test-method signature="DesktopFlow(java.lang.String)[pri:0, instance:pac.DesktopTest@24313fcc]" started-at="2026-08-12T12:16:08 IST" name="DesktopFlow" data-provider="sortData" finished-at="2026-08-12T12:16:11 IST" duration-ms="2831" status="PASS">
          <params>
            <param index="0">
              <value>
                <![CDATA[Name (A - Z)]]>
              </value>
            </param>
          </params>
          <reporter-output>
            <line>
              <![CDATA[Clicked on Desktops]]>
            </line>
            <line>
              <![CDATA[Mac Heading Verified]]>
            </line>
            <line>
              <![CDATA[Add to cart Verified]]>
            </line>
          </reporter-output>
        </test-method> <!-- DesktopFlow -->
        <test-method is-config="true" signature="afterMethod()[pri:0, instance:pac.DesktopTest@24313fcc]" started-at="2026-08-12T12:16:11 IST" name="afterMethod" finished-at="2026-08-12T12:16:11 IST" duration-ms="2" status="PASS">
          <reporter-output>
          </reporter-output>
        </test-method> <!-- afterMethod -->
        <test-method is-config="true" signature="beforeMethod()[pri:0, instance:pac.DesktopTest@24313fcc]" started-at="2026-08-12T12:16:11 IST" name="beforeMethod" finished-at="2026-08-12T12:16:11 IST" duration-ms="2" status="PASS">
          <reporter-output>
          </reporter-output>
        </test-method> <!-- beforeMethod -->
        <test-method signature="DesktopFlow(java.lang.String)[pri:0, instance:pac.DesktopTest@24313fcc]" started-at="2026-08-12T12:16:11 IST" name="DesktopFlow" data-provider="sortData" finished-at="2026-08-12T12:16:12 IST" duration-ms="1663" status="PASS">
          <params>
            <param index="0">
              <value>
                <![CDATA[Name (Z - A)]]>
              </value>
            </param>
          </params>
          <reporter-output>
            <line>
              <![CDATA[Clicked on Desktops]]>
            </line>
            <line>
              <![CDATA[Mac Heading Verified]]>
            </line>
            <line>
              <![CDATA[Add to cart Verified]]>
            </line>
          </reporter-output>
        </test-method> <!-- DesktopFlow -->
        <test-method is-config="true" signature="afterMethod()[pri:0, instance:pac.DesktopTest@24313fcc]" started-at="2026-08-12T12:16:13 IST" name="afterMethod" finished-at="2026-08-12T12:16:13 IST" duration-ms="0" status="PASS">
          <reporter-output>
          </reporter-output>
        </test-method> <!-- afterMethod -->
        <test-method is-config="true" signature="afterClass()[pri:0, instance:pac.DesktopTest@24313fcc]" started-at="2026-08-12T12:16:13 IST" name="afterClass" finished-at="2026-08-12T12:16:13 IST" duration-ms="2" status="PASS">
          <reporter-output>
          </reporter-output>
        </test-method> <!-- afterClass -->
        <test-method is-config="true" signature="afterTest()[pri:0, instance:pac.DesktopTest@24313fcc]" started-at="2026-08-12T12:16:13 IST" name="afterTest" finished-at="2026-08-12T12:16:13 IST" duration-ms="1" status="PASS">
          <reporter-output>
          </reporter-output>
        </test-method> <!-- afterTest -->
        <test-method is-config="true" signature="tearDown()[pri:0, instance:pac.DesktopTest@24313fcc]" started-at="2026-08-12T12:16:13 IST" name="tearDown" finished-at="2026-08-12T12:16:13 IST" duration-ms="728" status="PASS">
          <reporter-output>
          </reporter-output>
        </test-method> <!-- tearDown -->
      </class> <!-- pac.DesktopTest -->
    </test> <!-- Default test -->
  </suite> <!-- Default suite -->
</testng-results>
