<?xml version="1.0" encoding="UTF-8"?>
<!-- Generated by org.testng.reporters.JUnitXMLReporter -->
<testsuite ignored="0" hostname="ENCDAPPUNLT0479" failures="0" tests="4" name="Test" time="80.195" errors="0" timestamp="2026-08-07T21:02:58 IST">
  <testcase classname="pac1.TC006_ParallelTest" name="test12" time="59.285"/>
  <testcase classname="pac1.TC006_ParallelTest" name="test1" time="62.961"/>
  <testcase classname="pac1.TC006_ParallelTest" name="test3" time="63.813"/>
  <testcase classname="pac1.TC006_ParallelTest" name="test4" time="80.004"/>
</testsuite> <!-- Test -->
