<?xml version="1.0" encoding="UTF-8"?>
<!-- Generated by org.testng.reporters.JUnitReportReporter -->
<testsuite hostname="ENCDAPPUNLT0479" failures="0" tests="2" name="pac.DesktopTest" time="15.390" errors="0" timestamp="2026-08-10T23:13:00 IST" skipped="0">
  <testcase classname="pac.DesktopTest" name="DesktopFlow" time="8.260">
    <system-out>
      <![CDATA[Clicked on Desktops
Clicked on Mac
Mac Heading Verified
Add to cart Verified]]>
    </system-out>
  </testcase> <!-- DesktopFlow -->
  <testcase classname="pac.DesktopTest" name="DesktopFlow" time="7.130">
    <system-out>
      <![CDATA[Clicked on Desktops
Clicked on Mac
Mac Heading Verified
Add to cart Verified]]>
    </system-out>
  </testcase> <!-- DesktopFlow -->
  <system-out>
    <![CDATA[Clicked on Desktops
Clicked on Mac
Mac Heading Verified
Add to cart Verified
Clicked on Desktops
Clicked on Mac
Mac Heading Verified
Add to cart Verified
Searching Monitors
Searching Monitors
Searching Phones
Searching Phones
Searching Cameras
Searching Cameras]]>
  </system-out>
</testsuite> <!-- pac.DesktopTest -->
