<?xml version="1.0" encoding="UTF-8"?>
<!-- Generated by org.testng.reporters.JUnitXMLReporter -->
<testsuite ignored="0" hostname="ENCDAPPUNLT0479" failures="0" tests="5" name="Default test" time="35.64" errors="0" timestamp="2026-08-10T23:13:00 IST">
  <testcase classname="pac.DesktopTest" name="DesktopFlow" time="1.88"/>
  <testcase classname="pac.DesktopTest" name="DesktopFlow" time="1.862"/>
  <testcase classname="pac.SearchTest" name="searchFlowTest" time="0.719"/>
  <testcase classname="pac.SearchTest" name="searchFlowTest" time="0.878"/>
  <testcase classname="pac.SearchTest" name="searchFlowTest" time="1.122"/>
</testsuite> <!-- Default test -->
