<?xml version="1.0" encoding="UTF-8"?>
<!-- Generated by org.testng.reporters.JUnitXMLReporter -->
<testsuite ignored="4" hostname="ENCDAPPUNLT0479" failures="0" tests="5" name="Default test" time="6.326" errors="0" timestamp="2026-08-08T15:45:45 IST">
  <testcase classname="pac.DesktopTest" name="desktopFlow" time="1.944"/>
  <testcase classname="pac.DesktopTest" name="desktopFlow" time="1.578"/>
  <testcase classname="pac.SearchTest" name="searchFlow" time="1.057"/>
  <testcase classname="pac.SearchTest" name="searchFlow" time="0.655"/>
  <testcase classname="pac.SearchTest" name="searchFlow" time="0.959"/>
  <testcase classname="pac.BaseTest" name="@AfterSuite tearDown" time="0.0">
    <ignored/>
  </testcase> <!-- @AfterSuite tearDown -->
  <testcase classname="pac.BaseTest" name="@BeforeSuite setup" time="0.0">
    <ignored/>
  </testcase> <!-- @BeforeSuite setup -->
  <testcase classname="pac.BaseTest" name="@AfterSuite tearDown" time="0.0">
    <ignored/>
  </testcase> <!-- @AfterSuite tearDown -->
  <testcase classname="pac.BaseTest" name="@BeforeSuite setup" time="0.0">
    <ignored/>
  </testcase> <!-- @BeforeSuite setup -->
</testsuite> <!-- Default test -->
