<?xml version="1.0" encoding="UTF-8"?>
<!-- Generated by org.testng.reporters.JUnitReportReporter -->
<testsuite hostname="ENCDAPPUNLT0479" failures="0" tests="3" name="pac.SearchTest" time="2.671" errors="0" timestamp="2026-08-08T15:45:46 IST" skipped="0">
  <testcase classname="pac.SearchTest" name="searchFlow" time="0.959"/>
  <testcase classname="pac.SearchTest" name="searchFlow" time="0.655"/>
  <testcase classname="pac.SearchTest" name="searchFlow" time="1.057"/>
</testsuite> <!-- pac.SearchTest -->
