<?xml version="1.0" encoding="UTF-8"?>
<!-- Generated by org.testng.reporters.JUnitReportReporter -->
<testsuite hostname="ENCDAPPUNLT0479" failures="0" tests="3" name="pac.SearchTest" time="20.180" errors="0" timestamp="2026-08-10T23:13:00 IST" skipped="0">
  <testcase classname="pac.SearchTest" name="searchFlowTest" time="8.077">
    <system-out>
      <![CDATA[Searching Cameras
Searching Cameras]]>
    </system-out>
  </testcase> <!-- searchFlowTest -->
  <testcase classname="pac.SearchTest" name="searchFlowTest" time="5.885">
    <system-out>
      <![CDATA[Searching Monitors
Searching Monitors]]>
    </system-out>
  </testcase> <!-- searchFlowTest -->
  <testcase classname="pac.SearchTest" name="searchFlowTest" time="6.218">
    <system-out>
      <![CDATA[Searching Phones
Searching Phones]]>
    </system-out>
  </testcase> <!-- searchFlowTest -->
  <system-out>
    <![CDATA[Clicked on Desktops
Clicked on Mac
Mac Heading Verified
Add to cart Verified
Clicked on Desktops
Clicked on Mac
Mac Heading Verified
Add to cart Verified
Searching Monitors
Searching Monitors
Searching Phones
Searching Phones
Searching Cameras
Searching Cameras]]>
  </system-out>
</testsuite> <!-- pac.SearchTest -->
