<?xml version="1.0" encoding="UTF-8"?>
<!-- Generated by org.testng.reporters.JUnitReportReporter -->
<testsuite hostname="ENCDAPPUNLT0479" failures="0" tests="1" name="pac.LoginTest" time="9.041" errors="0" timestamp="2026-08-07T21:29:55 IST" skipped="0">
  <testcase classname="pac.LoginTest" name="loginVerification" time="9.041">
    <system-out>
      <![CDATA[Opening Application
Login button clicked
Verifying Login
Login Successful]]>
    </system-out>
  </testcase> <!-- loginVerification -->
  <system-out>
    <![CDATA[Browser Launched
Opening Application
Login button clicked
Verifying Login
Login Successful
Browser Closed
Browser Launched
Opening Application
Login Successful
Verifying Logout
Logout Successful
Browser Closed]]>
  </system-out>
</testsuite> <!-- pac.LoginTest -->
