<?xml version="1.0" encoding="UTF-8"?>
<!-- Generated by org.testng.reporters.JUnitReportReporter -->
<testsuite hostname="ENCDAPPUNLT0479" failures="0" tests="2" name="pac.RegisterTest" time="11.325" errors="0" timestamp="2026-08-12T12:40:56 IST" skipped="0">
  <testcase classname="pac.RegisterTest" name="fillRegisterForm" time="4.723"/>
  <testcase classname="pac.RegisterTest" name="fillRegisterForm" time="6.602"/>
  <system-out>
    <![CDATA[Launching Browser
Application Opened Successfully
Launching Browser
Application Opened Successfully]]>
  </system-out>
</testsuite> <!-- pac.RegisterTest -->
