<?xml version="1.0" encoding="UTF-8"?>
<!-- Generated by org.testng.reporters.JUnitReportReporter -->
<testsuite hostname="ENCDAPPUNLT0479" failures="0" tests="3" name="pac.SearchTest" time="1.961" errors="0" timestamp="2026-08-12T16:38:14 IST" skipped="0">
  <testcase classname="pac.SearchTest" name="searchFlowTest" time="0.641">
    <system-out>
      <![CDATA[Searching Phones]]>
    </system-out>
  </testcase> <!-- searchFlowTest -->
  <testcase classname="pac.SearchTest" name="searchFlowTest" time="0.657">
    <system-out>
      <![CDATA[Searching Monitors]]>
    </system-out>
  </testcase> <!-- searchFlowTest -->
  <testcase classname="pac.SearchTest" name="searchFlowTest" time="0.663">
    <system-out>
      <![CDATA[Searching Cameras]]>
    </system-out>
  </testcase> <!-- searchFlowTest -->
  <system-out>
    <![CDATA[Launching Browser
Clicked on Desktops
Mac Heading Verified
Add to Cart Verified
Clicked on Desktops
Mac Heading Verified
Add to Cart Verified
Searching Monitors
Searching Phones
Searching Cameras]]>
  </system-out>
</testsuite> <!-- pac.SearchTest -->
