<?xml version="1.0" encoding="UTF-8"?>
<!-- Generated by org.testng.reporters.JUnitReportReporter -->
<testsuite hostname="ENCDAPPUNLT0479" failures="0" tests="2" name="pac.DesktopTest" time="5.265" errors="0" timestamp="2026-08-12T16:20:30 IST" skipped="0">
  <testcase classname="pac.DesktopTest" name="DesktopFlow" time="3.356">
    <system-out>
      <![CDATA[Clicked Desktop Menu
Clicked Mac Option
Mac Page Verified
Selected Sort : Name (Z - A)]]>
    </system-out>
  </testcase> <!-- DesktopFlow -->
  <testcase classname="pac.DesktopTest" name="DesktopFlow" time="1.909">
    <system-out>
      <![CDATA[Clicked Desktop Menu
Clicked Mac Option
Mac Page Verified
Selected Sort : Name (A - Z)]]>
    </system-out>
  </testcase> <!-- DesktopFlow -->
  <system-out>
    <![CDATA[Launching Browser
Clicked Desktop Menu
Clicked Mac Option
Mac Page Verified
Selected Sort : Name (A - Z)
Clicked Desktop Menu
Clicked Mac Option
Mac Page Verified
Selected Sort : Name (Z - A)
Search Verified : Monitors
Search Verified : Phones
Search Verified : Cameras]]>
  </system-out>
</testsuite> <!-- pac.DesktopTest -->
