<?xml version="1.0" encoding="UTF-8"?>
<!-- Generated by org.testng.reporters.JUnitReportReporter -->
<testsuite hostname="ENCDAPPUNLT0479" failures="0" tests="3" name="pac.SearchTest" time="3.957" errors="0" timestamp="2026-08-12T16:20:30 IST" skipped="0">
  <testcase classname="pac.SearchTest" name="searchFlowTest" time="1.349">
    <system-out>
      <![CDATA[Search Verified : Cameras]]>
    </system-out>
  </testcase> <!-- searchFlowTest -->
  <testcase classname="pac.SearchTest" name="searchFlowTest" time="1.483">
    <system-out>
      <![CDATA[Search Verified : Phones]]>
    </system-out>
  </testcase> <!-- searchFlowTest -->
  <testcase classname="pac.SearchTest" name="searchFlowTest" time="1.125">
    <system-out>
      <![CDATA[Search Verified : Monitors]]>
    </system-out>
  </testcase> <!-- searchFlowTest -->
  <system-out>
    <![CDATA[Launching Browser
Clicked Desktop Menu
Clicked Mac Option
Mac Page Verified
Selected Sort : Name (A - Z)
Clicked Desktop Menu
Clicked Mac Option
Mac Page Verified
Selected Sort : Name (Z - A)
Search Verified : Monitors
Search Verified : Phones
Search Verified : Cameras]]>
  </system-out>
</testsuite> <!-- pac.SearchTest -->
