<?xml version="1.0" encoding="UTF-8"?>
<testng-results ignored="0" total="6" passed="5" failed="1" skipped="0">
  <reporter-output>
    <line>
      <![CDATA[Launching Browser]]>
    </line>
    <line>
      <![CDATA[Home Page Verified]]>
    </line>
    <line>
      <![CDATA[Clicked My Account]]>
    </line>
    <line>
      <![CDATA[Clicked Register]]>
    </line>
    <line>
      <![CDATA[Register Page Verified]]>
    </line>
    <line>
      <![CDATA[Personal details filled]]>
    </line>
    <line>
      <![CDATA[Password details filled]]>
    </line>
    <line>
      <![CDATA[Registration form submitted]]>
    </line>
    <line>
      <![CDATA[Launching Browser]]>
    </line>
    <line>
      <![CDATA[Home Page Verified]]>
    </line>
    <line>
      <![CDATA[Clicked My Account]]>
    </line>
    <line>
      <![CDATA[Clicked Register]]>
    </line>
    <line>
      <![CDATA[Register Page Verified]]>
    </line>
    <line>
      <![CDATA[Personal details filled]]>
    </line>
    <line>
      <![CDATA[Password details filled]]>
    </line>
    <line>
      <![CDATA[Registration form submitted]]>
    </line>
    <line>
      <![CDATA[Account created successfully]]>
    </line>
    <line>
      <![CDATA[Launching Browser]]>
    </line>
    <line>
      <![CDATA[Home Page Verified]]>
    </line>
    <line>
      <![CDATA[Clicked My Account]]>
    </line>
    <line>
      <![CDATA[Clicked Register]]>
    </line>
    <line>
      <![CDATA[Register Page Verified]]>
    </line>
    <line>
      <![CDATA[Personal details filled]]>
    </line>
    <line>
      <![CDATA[Password details filled]]>
    </line>
    <line>
      <![CDATA[Registration form submitted]]>
    </line>
    <line>
      <![CDATA[Account already exists]]>
    </line>
    <line>
      <![CDATA[Launching Browser]]>
    </line>
    <line>
      <![CDATA[Home Page Verified]]>
    </line>
    <line>
      <![CDATA[Clicked My Account]]>
    </line>
    <line>
      <![CDATA[Clicked Register]]>
    </line>
    <line>
      <![CDATA[Register Page Verified]]>
    </line>
    <line>
      <![CDATA[Personal details filled]]>
    </line>
    <line>
      <![CDATA[Password details filled]]>
    </line>
    <line>
      <![CDATA[Registration form submitted]]>
    </line>
    <line>
      <![CDATA[Account created successfully]]>
    </line>
    <line>
      <![CDATA[Launching Browser]]>
    </line>
    <line>
      <![CDATA[Home Page Verified]]>
    </line>
    <line>
      <![CDATA[Clicked My Account]]>
    </line>
    <line>
      <![CDATA[Clicked Register]]>
    </line>
    <line>
      <![CDATA[Register Page Verified]]>
    </line>
    <line>
      <![CDATA[Personal details filled]]>
    </line>
    <line>
      <![CDATA[Password details filled]]>
    </line>
    <line>
      <![CDATA[Registration form submitted]]>
    </line>
    <line>
      <![CDATA[Account created successfully]]>
    </line>
    <line>
      <![CDATA[Launching Browser]]>
    </line>
    <line>
      <![CDATA[Home Page Verified]]>
    </line>
    <line>
      <![CDATA[Clicked My Account]]>
    </line>
    <line>
      <![CDATA[Clicked Register]]>
    </line>
    <line>
      <![CDATA[Register Page Verified]]>
    </line>
    <line>
      <![CDATA[Personal details filled]]>
    </line>
    <line>
      <![CDATA[Password details filled]]>
    </line>
    <line>
      <![CDATA[Registration form submitted]]>
    </line>
    <line>
      <![CDATA[Account created successfully]]>
    </line>
  </reporter-output>
  <suite started-at="2026-08-11T10:00:11 IST" name="Default suite" finished-at="2026-08-11T10:01:54 IST" duration-ms="103240">
    <groups>
    </groups>
    <test started-at="2026-08-11T10:00:11 IST" name="Default test" finished-at="2026-08-11T10:01:54 IST" duration-ms="103240">
      <class name="pac.RegisterTest">
        <test-method is-config="true" signature="setupSuite()[pri:0, instance:pac.RegisterTest@131ef10]" started-at="2026-08-11T10:00:11 IST" name="setupSuite" finished-at="2026-08-11T10:00:11 IST" duration-ms="23" status="PASS">
          <reporter-output>
          </reporter-output>
        </test-method> <!-- setupSuite -->
        <test-method is-config="true" signature="beforeTest()[pri:0, instance:pac.RegisterTest@131ef10]" started-at="2026-08-11T10:00:11 IST" name="beforeTest" finished-at="2026-08-11T10:00:11 IST" duration-ms="3" status="PASS">
          <reporter-output>
          </reporter-output>
        </test-method> <!-- beforeTest -->
        <test-method is-config="true" signature="beforeClass()[pri:0, instance:pac.RegisterTest@131ef10]" started-at="2026-08-11T10:00:11 IST" name="beforeClass" finished-at="2026-08-11T10:00:11 IST" duration-ms="0" status="PASS">
          <reporter-output>
          </reporter-output>
        </test-method> <!-- beforeClass -->
        <test-method is-config="true" signature="beforeMethod()[pri:0, instance:pac.RegisterTest@131ef10]" started-at="2026-08-11T10:00:14 IST" name="beforeMethod" finished-at="2026-08-11T10:00:30 IST" duration-ms="16215" status="PASS">
          <reporter-output>
            <line>
              <![CDATA[Launching Browser]]>
            </line>
          </reporter-output>
        </test-method> <!-- beforeMethod -->
        <test-method signature="fillRegisterForm(java.lang.String,java.lang.String,java.lang.String,java.lang.String,java.lang.String,java.lang.String)[pri:0, instance:pac.RegisterTest@131ef10]" started-at="2026-08-11T10:00:30 IST" name="fillRegisterForm" data-provider="RegisterData" finished-at="2026-08-11T10:00:35 IST" duration-ms="5363" status="FAIL">
          <params>
            <param index="0">
              <value>
                <![CDATA[First_Name]]>
              </value>
            </param>
            <param index="1">
              <value>
                <![CDATA[Last_Name]]>
              </value>
            </param>
            <param index="2">
              <value>
                <![CDATA[E-Mail]]>
              </value>
            </param>
            <param index="3">
              <value>
                <![CDATA[Telephone]]>
              </value>
            </param>
            <param index="4">
              <value>
                <![CDATA[Password]]>
              </value>
            </param>
            <param index="5">
              <value>
                <![CDATA[Password Confirm]]>
              </value>
            </param>
          </params>
          <exception class="java.lang.AssertionError">
            <message>
              <![CDATA[Unexpected Result : Registration result not found]]>
            </message>
            <full-stacktrace>
              <![CDATA[java.lang.AssertionError: Unexpected Result : Registration result not found
at org.testng.Assert.fail(Assert.java:111)
at pac.RegisterTest.fillRegisterForm(RegisterTest.java:94)
at java.base/jdk.internal.reflect.DirectMethodHandleAccessor.invoke(DirectMethodHandleAccessor.java:103)
at java.base/java.lang.reflect.Method.invoke(Method.java:580)
at org.testng.internal.invokers.MethodInvocationHelper.invokeMethod(MethodInvocationHelper.java:141)
at org.testng.internal.invokers.TestInvoker.invokeMethod(TestInvoker.java:697)
at org.testng.internal.invokers.TestInvoker.invokeTestMethod(TestInvoker.java:230)
at org.testng.internal.invokers.MethodRunner.runInSequence(MethodRunner.java:63)
at org.testng.internal.invokers.TestInvoker$MethodInvocationAgent.invoke(TestInvoker.java:1005)
at org.testng.internal.invokers.TestInvoker.invokeTestMethods(TestInvoker.java:203)
at org.testng.internal.invokers.TestMethodWorker.invokeTestMethods(TestMethodWorker.java:154)
at org.testng.internal.invokers.TestMethodWorker.run(TestMethodWorker.java:134)
at java.base/java.util.ArrayList.forEach(ArrayList.java:1596)
at org.testng.TestRunner.privateRun(TestRunner.java:744)
at org.testng.TestRunner.run(TestRunner.java:616)
at org.testng.SuiteRunner.runTest(SuiteRunner.java:421)
at org.testng.SuiteRunner.runSequentially(SuiteRunner.java:413)
at org.testng.SuiteRunner.privateRun(SuiteRunner.java:373)
at org.testng.SuiteRunner.run(SuiteRunner.java:312)
at org.testng.SuiteRunnerWorker.runSuite(SuiteRunnerWorker.java:52)
at org.testng.SuiteRunnerWorker.run(SuiteRunnerWorker.java:95)
at org.testng.TestNG.runSuitesSequentially(TestNG.java:1274)
at org.testng.TestNG.runSuitesLocally(TestNG.java:1208)
at org.testng.TestNG.runSuites(TestNG.java:1112)
at org.testng.TestNG.run(TestNG.java:1079)
at org.testng.remote.AbstractRemoteTestNG.run(AbstractRemoteTestNG.java:115)
at org.testng.remote.RemoteTestNG.initAndRun(RemoteTestNG.java:293)
at org.testng.remote.RemoteTestNG.main(RemoteTestNG.java:91)
]]>
            </full-stacktrace>
          </exception> <!-- java.lang.AssertionError -->
          <reporter-output>
            <line>
              <![CDATA[Home Page Verified]]>
            </line>
            <line>
              <![CDATA[Clicked My Account]]>
            </line>
            <line>
              <![CDATA[Clicked Register]]>
            </line>
            <line>
              <![CDATA[Register Page Verified]]>
            </line>
            <line>
              <![CDATA[Personal details filled]]>
            </line>
            <line>
              <![CDATA[Password details filled]]>
            </line>
            <line>
              <![CDATA[Registration form submitted]]>
            </line>
          </reporter-output>
        </test-method> <!-- fillRegisterForm -->
        <test-method is-config="true" signature="afterMethod()[pri:0, instance:pac.RegisterTest@131ef10]" started-at="2026-08-11T10:00:35 IST" name="afterMethod" finished-at="2026-08-11T10:00:36 IST" duration-ms="1104" status="PASS">
          <reporter-output>
          </reporter-output>
        </test-method> <!-- afterMethod -->
        <test-method is-config="true" signature="beforeMethod()[pri:0, instance:pac.RegisterTest@131ef10]" started-at="2026-08-11T10:00:36 IST" name="beforeMethod" finished-at="2026-08-11T10:00:43 IST" duration-ms="7165" status="PASS">
          <reporter-output>
            <line>
              <![CDATA[Launching Browser]]>
            </line>
          </reporter-output>
        </test-method> <!-- beforeMethod -->
        <test-method signature="fillRegisterForm(java.lang.String,java.lang.String,java.lang.String,java.lang.String,java.lang.String,java.lang.String)[pri:0, instance:pac.RegisterTest@131ef10]" started-at="2026-08-11T10:00:43 IST" name="fillRegisterForm" data-provider="RegisterData" finished-at="2026-08-11T10:00:51 IST" duration-ms="7036" status="PASS">
          <params>
            <param index="0">
              <value>
                <![CDATA[Jahnavi]]>
              </value>
            </param>
            <param index="1">
              <value>
                <![CDATA[Reddy]]>
              </value>
            </param>
            <param index="2">
              <value>
                <![CDATA[jahnavi12345@gmail.com]]>
              </value>
            </param>
            <param index="3">
              <value>
                <![CDATA[9876543210]]>
              </value>
            </param>
            <param index="4">
              <value>
                <![CDATA[Test@123]]>
              </value>
            </param>
            <param index="5">
              <value>
                <![CDATA[Test@123]]>
              </value>
            </param>
          </params>
          <reporter-output>
            <line>
              <![CDATA[Home Page Verified]]>
            </line>
            <line>
              <![CDATA[Clicked My Account]]>
            </line>
            <line>
              <![CDATA[Clicked Register]]>
            </line>
            <line>
              <![CDATA[Register Page Verified]]>
            </line>
            <line>
              <![CDATA[Personal details filled]]>
            </line>
            <line>
              <![CDATA[Password details filled]]>
            </line>
            <line>
              <![CDATA[Registration form submitted]]>
            </line>
            <line>
              <![CDATA[Account created successfully]]>
            </line>
          </reporter-output>
        </test-method> <!-- fillRegisterForm -->
        <test-method is-config="true" signature="afterMethod()[pri:0, instance:pac.RegisterTest@131ef10]" started-at="2026-08-11T10:00:51 IST" name="afterMethod" finished-at="2026-08-11T10:00:52 IST" duration-ms="1365" status="PASS">
          <reporter-output>
          </reporter-output>
        </test-method> <!-- afterMethod -->
        <test-method is-config="true" signature="beforeMethod()[pri:0, instance:pac.RegisterTest@131ef10]" started-at="2026-08-11T10:00:52 IST" name="beforeMethod" finished-at="2026-08-11T10:00:58 IST" duration-ms="5848" status="PASS">
          <reporter-output>
            <line>
              <![CDATA[Launching Browser]]>
            </line>
          </reporter-output>
        </test-method> <!-- beforeMethod -->
        <test-method signature="fillRegisterForm(java.lang.String,java.lang.String,java.lang.String,java.lang.String,java.lang.String,java.lang.String)[pri:0, instance:pac.RegisterTest@131ef10]" started-at="2026-08-11T10:00:58 IST" name="fillRegisterForm" data-provider="RegisterData" finished-at="2026-08-11T10:01:04 IST" duration-ms="6147" status="PASS">
          <params>
            <param index="0">
              <value>
                <![CDATA[Test]]>
              </value>
            </param>
            <param index="1">
              <value>
                <![CDATA[User]]>
              </value>
            </param>
            <param index="2">
              <value>
                <![CDATA[test12345@gmail.com]]>
              </value>
            </param>
            <param index="3">
              <value>
                <![CDATA[9876543211]]>
              </value>
            </param>
            <param index="4">
              <value>
                <![CDATA[Test@123]]>
              </value>
            </param>
            <param index="5">
              <value>
                <![CDATA[Test@123]]>
              </value>
            </param>
          </params>
          <reporter-output>
            <line>
              <![CDATA[Home Page Verified]]>
            </line>
            <line>
              <![CDATA[Clicked My Account]]>
            </line>
            <line>
              <![CDATA[Clicked Register]]>
            </line>
            <line>
              <![CDATA[Register Page Verified]]>
            </line>
            <line>
              <![CDATA[Personal details filled]]>
            </line>
            <line>
              <![CDATA[Password details filled]]>
            </line>
            <line>
              <![CDATA[Registration form submitted]]>
            </line>
            <line>
              <![CDATA[Account already exists]]>
            </line>
          </reporter-output>
        </test-method> <!-- fillRegisterForm -->
        <test-method is-config="true" signature="afterMethod()[pri:0, instance:pac.RegisterTest@131ef10]" started-at="2026-08-11T10:01:04 IST" name="afterMethod" finished-at="2026-08-11T10:01:06 IST" duration-ms="2280" status="PASS">
          <reporter-output>
          </reporter-output>
        </test-method> <!-- afterMethod -->
        <test-method is-config="true" signature="beforeMethod()[pri:0, instance:pac.RegisterTest@131ef10]" started-at="2026-08-11T10:01:06 IST" name="beforeMethod" finished-at="2026-08-11T10:01:14 IST" duration-ms="8189" status="PASS">
          <reporter-output>
            <line>
              <![CDATA[Launching Browser]]>
            </line>
          </reporter-output>
        </test-method> <!-- beforeMethod -->
        <test-method signature="fillRegisterForm(java.lang.String,java.lang.String,java.lang.String,java.lang.String,java.lang.String,java.lang.String)[pri:0, instance:pac.RegisterTest@131ef10]" started-at="2026-08-11T10:01:14 IST" name="fillRegisterForm" data-provider="RegisterData" finished-at="2026-08-11T10:01:21 IST" duration-ms="6456" status="PASS">
          <params>
            <param index="0">
              <value>
                <![CDATA[Ram]]>
              </value>
            </param>
            <param index="1">
              <value>
                <![CDATA[Kumar]]>
              </value>
            </param>
            <param index="2">
              <value>
                <![CDATA[ramkumar123@gmail.com]]>
              </value>
            </param>
            <param index="3">
              <value>
                <![CDATA[9876543212]]>
              </value>
            </param>
            <param index="4">
              <value>
                <![CDATA[Test@123]]>
              </value>
            </param>
            <param index="5">
              <value>
                <![CDATA[Test@123]]>
              </value>
            </param>
          </params>
          <reporter-output>
            <line>
              <![CDATA[Home Page Verified]]>
            </line>
            <line>
              <![CDATA[Clicked My Account]]>
            </line>
            <line>
              <![CDATA[Clicked Register]]>
            </line>
            <line>
              <![CDATA[Register Page Verified]]>
            </line>
            <line>
              <![CDATA[Personal details filled]]>
            </line>
            <line>
              <![CDATA[Password details filled]]>
            </line>
            <line>
              <![CDATA[Registration form submitted]]>
            </line>
            <line>
              <![CDATA[Account created successfully]]>
            </line>
          </reporter-output>
        </test-method> <!-- fillRegisterForm -->
        <test-method is-config="true" signature="afterMethod()[pri:0, instance:pac.RegisterTest@131ef10]" started-at="2026-08-11T10:01:21 IST" name="afterMethod" finished-at="2026-08-11T10:01:24 IST" duration-ms="3214" status="PASS">
          <reporter-output>
          </reporter-output>
        </test-method> <!-- afterMethod -->
        <test-method is-config="true" signature="beforeMethod()[pri:0, instance:pac.RegisterTest@131ef10]" started-at="2026-08-11T10:01:24 IST" name="beforeMethod" finished-at="2026-08-11T10:01:32 IST" duration-ms="7626" status="PASS">
          <reporter-output>
            <line>
              <![CDATA[Launching Browser]]>
            </line>
          </reporter-output>
        </test-method> <!-- beforeMethod -->
        <test-method signature="fillRegisterForm(java.lang.String,java.lang.String,java.lang.String,java.lang.String,java.lang.String,java.lang.String)[pri:0, instance:pac.RegisterTest@131ef10]" started-at="2026-08-11T10:01:32 IST" name="fillRegisterForm" data-provider="RegisterData" finished-at="2026-08-11T10:01:38 IST" duration-ms="6120" status="PASS">
          <params>
            <param index="0">
              <value>
                <![CDATA[Sita]]>
              </value>
            </param>
            <param index="1">
              <value>
                <![CDATA[Devi]]>
              </value>
            </param>
            <param index="2">
              <value>
                <![CDATA[sitadevi123@gmail.com]]>
              </value>
            </param>
            <param index="3">
              <value>
                <![CDATA[9876543213]]>
              </value>
            </param>
            <param index="4">
              <value>
                <![CDATA[Test@123]]>
              </value>
            </param>
            <param index="5">
              <value>
                <![CDATA[Test@123]]>
              </value>
            </param>
          </params>
          <reporter-output>
            <line>
              <![CDATA[Home Page Verified]]>
            </line>
            <line>
              <![CDATA[Clicked My Account]]>
            </line>
            <line>
              <![CDATA[Clicked Register]]>
            </line>
            <line>
              <![CDATA[Register Page Verified]]>
            </line>
            <line>
              <![CDATA[Personal details filled]]>
            </line>
            <line>
              <![CDATA[Password details filled]]>
            </line>
            <line>
              <![CDATA[Registration form submitted]]>
            </line>
            <line>
              <![CDATA[Account created successfully]]>
            </line>
          </reporter-output>
        </test-method> <!-- fillRegisterForm -->
        <test-method is-config="true" signature="afterMethod()[pri:0, instance:pac.RegisterTest@131ef10]" started-at="2026-08-11T10:01:38 IST" name="afterMethod" finished-at="2026-08-11T10:01:39 IST" duration-ms="1576" status="PASS">
          <reporter-output>
          </reporter-output>
        </test-method> <!-- afterMethod -->
        <test-method is-config="true" signature="beforeMethod()[pri:0, instance:pac.RegisterTest@131ef10]" started-at="2026-08-11T10:01:39 IST" name="beforeMethod" finished-at="2026-08-11T10:01:45 IST" duration-ms="6124" status="PASS">
          <reporter-output>
            <line>
              <![CDATA[Launching Browser]]>
            </line>
          </reporter-output>
        </test-method> <!-- beforeMethod -->
        <test-method signature="fillRegisterForm(java.lang.String,java.lang.String,java.lang.String,java.lang.String,java.lang.String,java.lang.String)[pri:0, instance:pac.RegisterTest@131ef10]" started-at="2026-08-11T10:01:45 IST" name="fillRegisterForm" data-provider="RegisterData" finished-at="2026-08-11T10:01:52 IST" duration-ms="6858" status="PASS">
          <params>
            <param index="0">
              <value>
                <![CDATA[Arjun]]>
              </value>
            </param>
            <param index="1">
              <value>
                <![CDATA[Reddy]]>
              </value>
            </param>
            <param index="2">
              <value>
                <![CDATA[arjunreddy123@gmail.com]]>
              </value>
            </param>
            <param index="3">
              <value>
                <![CDATA[9876543214]]>
              </value>
            </param>
            <param index="4">
              <value>
                <![CDATA[Test@123]]>
              </value>
            </param>
            <param index="5">
              <value>
                <![CDATA[Test@123]]>
              </value>
            </param>
          </params>
          <reporter-output>
            <line>
              <![CDATA[Home Page Verified]]>
            </line>
            <line>
              <![CDATA[Clicked My Account]]>
            </line>
            <line>
              <![CDATA[Clicked Register]]>
            </line>
            <line>
              <![CDATA[Register Page Verified]]>
            </line>
            <line>
              <![CDATA[Personal details filled]]>
            </line>
            <line>
              <![CDATA[Password details filled]]>
            </line>
            <line>
              <![CDATA[Registration form submitted]]>
            </line>
            <line>
              <![CDATA[Account created successfully]]>
            </line>
          </reporter-output>
        </test-method> <!-- fillRegisterForm -->
        <test-method is-config="true" signature="afterMethod()[pri:0, instance:pac.RegisterTest@131ef10]" started-at="2026-08-11T10:01:52 IST" name="afterMethod" finished-at="2026-08-11T10:01:54 IST" duration-ms="1667" status="PASS">
          <reporter-output>
          </reporter-output>
        </test-method> <!-- afterMethod -->
        <test-method is-config="true" signature="afterClass()[pri:0, instance:pac.RegisterTest@131ef10]" started-at="2026-08-11T10:01:54 IST" name="afterClass" finished-at="2026-08-11T10:01:54 IST" duration-ms="1" status="PASS">
          <reporter-output>
          </reporter-output>
        </test-method> <!-- afterClass -->
        <test-method is-config="true" signature="afterTest()[pri:0, instance:pac.RegisterTest@131ef10]" started-at="2026-08-11T10:01:54 IST" name="afterTest" finished-at="2026-08-11T10:01:54 IST" duration-ms="1" status="PASS">
          <reporter-output>
          </reporter-output>
        </test-method> <!-- afterTest -->
        <test-method is-config="true" signature="tearDownSuite()[pri:0, instance:pac.RegisterTest@131ef10]" started-at="2026-08-11T10:01:54 IST" name="tearDownSuite" finished-at="2026-08-11T10:01:54 IST" duration-ms="1" status="PASS">
          <reporter-output>
          </reporter-output>
        </test-method> <!-- tearDownSuite -->
      </class> <!-- pac.RegisterTest -->
    </test> <!-- Default test -->
  </suite> <!-- Default suite -->
</testng-results>
