<?xml version="1.0" encoding="UTF-8"?>
<testng-results ignored="0" total="2" passed="2" failed="0" skipped="0">
  <reporter-output>
    <line>
      <![CDATA[Browser Launched]]>
    </line>
    <line>
      <![CDATA[Opening Application]]>
    </line>
    <line>
      <![CDATA[Login button clicked]]>
    </line>
    <line>
      <![CDATA[Verifying Login]]>
    </line>
    <line>
      <![CDATA[Login Successful]]>
    </line>
    <line>
      <![CDATA[Browser Closed]]>
    </line>
    <line>
      <![CDATA[Browser Launched]]>
    </line>
    <line>
      <![CDATA[Opening Application]]>
    </line>
    <line>
      <![CDATA[Login Successful]]>
    </line>
    <line>
      <![CDATA[Verifying Logout]]>
    </line>
    <line>
      <![CDATA[Logout Successful]]>
    </line>
    <line>
      <![CDATA[Browser Closed]]>
    </line>
  </reporter-output>
  <suite started-at="2026-08-07T21:29:36 IST" name="Default suite" finished-at="2026-08-07T21:29:55 IST" duration-ms="18507">
    <groups>
    </groups>
    <test started-at="2026-08-07T21:29:36 IST" name="Default test" finished-at="2026-08-07T21:29:55 IST" duration-ms="18507">
      <class name="pac.LoginTest">
        <test-method is-config="true" signature="setup()[pri:0, instance:pac.LoginTest@185a6e9]" started-at="2026-08-07T21:29:36 IST" name="setup" finished-at="2026-08-07T21:29:39 IST" duration-ms="3231" status="PASS">
          <reporter-output>
            <line>
              <![CDATA[Browser Launched]]>
            </line>
          </reporter-output>
        </test-method> <!-- setup -->
        <test-method signature="loginVerification()[pri:0, instance:pac.LoginTest@185a6e9]" started-at="2026-08-07T21:29:39 IST" name="loginVerification" finished-at="2026-08-07T21:29:45 IST" duration-ms="5417" status="PASS">
          <reporter-output>
            <line>
              <![CDATA[Opening Application]]>
            </line>
            <line>
              <![CDATA[Login button clicked]]>
            </line>
            <line>
              <![CDATA[Verifying Login]]>
            </line>
            <line>
              <![CDATA[Login Successful]]>
            </line>
          </reporter-output>
        </test-method> <!-- loginVerification -->
        <test-method is-config="true" signature="tearDown()[pri:0, instance:pac.LoginTest@185a6e9]" started-at="2026-08-07T21:29:45 IST" name="tearDown" finished-at="2026-08-07T21:29:45 IST" duration-ms="393" status="PASS">
          <reporter-output>
            <line>
              <![CDATA[Browser Closed]]>
            </line>
          </reporter-output>
        </test-method> <!-- tearDown -->
      </class> <!-- pac.LoginTest -->
      <class name="pac.LogoutTest">
        <test-method is-config="true" signature="setup()[pri:0, instance:pac.LogoutTest@38afe297]" started-at="2026-08-07T21:29:45 IST" name="setup" finished-at="2026-08-07T21:29:47 IST" duration-ms="2034" status="PASS">
          <reporter-output>
            <line>
              <![CDATA[Browser Launched]]>
            </line>
          </reporter-output>
        </test-method> <!-- setup -->
        <test-method signature="logoutVerification()[pri:0, instance:pac.LogoutTest@38afe297]" started-at="2026-08-07T21:29:47 IST" name="logoutVerification" finished-at="2026-08-07T21:29:54 IST" duration-ms="6940" status="PASS">
          <reporter-output>
            <line>
              <![CDATA[Opening Application]]>
            </line>
            <line>
              <![CDATA[Login Successful]]>
            </line>
            <line>
              <![CDATA[Verifying Logout]]>
            </line>
            <line>
              <![CDATA[Logout Successful]]>
            </line>
          </reporter-output>
        </test-method> <!-- logoutVerification -->
        <test-method is-config="true" signature="tearDown()[pri:0, instance:pac.LogoutTest@38afe297]" started-at="2026-08-07T21:29:54 IST" name="tearDown" finished-at="2026-08-07T21:29:55 IST" duration-ms="440" status="PASS">
          <reporter-output>
            <line>
              <![CDATA[Browser Closed]]>
            </line>
          </reporter-output>
        </test-method> <!-- tearDown -->
      </class> <!-- pac.LogoutTest -->
    </test> <!-- Default test -->
  </suite> <!-- Default suite -->
</testng-results>
