<?xml version="1.0" encoding="UTF-8"?>
<!-- Generated by org.testng.reporters.JUnitXMLReporter -->
<testsuite ignored="0" hostname="ENCDAPPUNLT0479" failures="0" tests="3" name="ChromeTest" time="87.462" errors="0" timestamp="2026-08-07T10:58:35 IST">
  <testcase classname="pac1.TC005_TestNG_Multibrowser" name="f" time="4.784"/>
  <testcase classname="pac1.TC005_TestNG_Multibrowser" name="f" time="12.637"/>
  <testcase classname="pac1.TC005_TestNG_Multibrowser" name="f" time="12.327"/>
</testsuite> <!-- ChromeTest -->
