<?xml version="1.0" encoding="UTF-8"?>
<!-- Generated by org.testng.reporters.JUnitXMLReporter -->
<testsuite ignored="0" hostname="ENCDAPPUNLT0479" failures="0" tests="3" name="EdgeTest" time="91.198" errors="0" timestamp="2026-08-07T10:58:39 IST">
  <testcase classname="pac1.TC005_TestNG_Multibrowser" name="f" time="5.397"/>
  <testcase classname="pac1.TC005_TestNG_Multibrowser" name="f" time="32.405"/>
  <testcase classname="pac1.TC005_TestNG_Multibrowser" name="f" time="13.54"/>
</testsuite> <!-- EdgeTest -->
