<?xml version="1.0" encoding="UTF-8"?>
<!-- Generated by org.testng.reporters.JUnitXMLReporter -->
<testsuite ignored="0" hostname="ENCDAPPUNLT0479" failures="0" tests="3" name="FirefoxTest" time="96.366" errors="0" timestamp="2026-08-07T10:58:44 IST">
  <testcase classname="pac1.TC005_TestNG_Multibrowser" name="f" time="3.704"/>
  <testcase classname="pac1.TC005_TestNG_Multibrowser" name="f" time="14.821"/>
  <testcase classname="pac1.TC005_TestNG_Multibrowser" name="f" time="12.73"/>
</testsuite> <!-- FirefoxTest -->
