<?xml version="1.0" encoding="UTF-8"?>
<!-- Generated by org.testng.reporters.JUnitXMLReporter -->
<testsuite ignored="4" hostname="ENCDAPPUNLT0479" failures="0" tests="5" name="Default test" time="6.166" errors="0" timestamp="2026-08-12T16:38:12 IST">
  <testcase classname="pac.DesktopTest" name="DesktopFlow" time="1.236"/>
  <testcase classname="pac.DesktopTest" name="DesktopFlow" time="0.936"/>
  <testcase classname="pac.SearchTest" name="searchFlowTest" time="0.466"/>
  <testcase classname="pac.SearchTest" name="searchFlowTest" time="0.432"/>
  <testcase classname="pac.SearchTest" name="searchFlowTest" time="0.415"/>
  <testcase classname="pac.BaseTest" name="@AfterSuite tearDown" time="0.0">
    <ignored/>
  </testcase> <!-- @AfterSuite tearDown -->
  <testcase classname="pac.BaseTest" name="@AfterSuite tearDown" time="0.0">
    <ignored/>
  </testcase> <!-- @AfterSuite tearDown -->
  <testcase classname="pac.BaseTest" name="@BeforeSuite setup" time="0.0">
    <ignored/>
  </testcase> <!-- @BeforeSuite setup -->
  <testcase classname="pac.BaseTest" name="@BeforeSuite setup" time="0.0">
    <ignored/>
  </testcase> <!-- @BeforeSuite setup -->
</testsuite> <!-- Default test -->
