<?xml version="1.0" encoding="UTF-8"?>
<testng-results ignored="0" total="3" passed="3" failed="0" skipped="0">
  <reporter-output>
    <line>
      <![CDATA[Launching Browser]]>
    </line>
    <line>
      <![CDATA[Searching Monitors]]>
    </line>
    <line>
      <![CDATA[Searching Phones]]>
    </line>
    <line>
      <![CDATA[Searching Cameras]]>
    </line>
    <line>
      <![CDATA[Closing Browser]]>
    </line>
  </reporter-output>
  <suite started-at="2026-08-10T23:38:06 IST" name="Default suite" finished-at="2026-08-10T23:38:08 IST" duration-ms="1873">
    <groups>
    </groups>
    <test started-at="2026-08-10T23:38:06 IST" name="Default test" finished-at="2026-08-10T23:38:08 IST" duration-ms="1873">
      <class name="pac.SearchTest">
        <test-method is-config="true" signature="setup()[pri:0, instance:pac.SearchTest@4c178a76]" started-at="2026-08-10T23:38:02 IST" name="setup" finished-at="2026-08-10T23:38:06 IST" duration-ms="3949" status="PASS">
          <reporter-output>
            <line>
              <![CDATA[Launching Browser]]>
            </line>
          </reporter-output>
        </test-method> <!-- setup -->
        <test-method is-config="true" signature="beforeTest()[pri:0, instance:pac.SearchTest@4c178a76]" started-at="2026-08-10T23:38:06 IST" name="beforeTest" finished-at="2026-08-10T23:38:06 IST" duration-ms="1" status="PASS">
          <reporter-output>
          </reporter-output>
        </test-method> <!-- beforeTest -->
        <test-method is-config="true" signature="beforeClass()[pri:0, instance:pac.SearchTest@4c178a76]" started-at="2026-08-10T23:38:06 IST" name="beforeClass" finished-at="2026-08-10T23:38:06 IST" duration-ms="1" status="PASS">
          <reporter-output>
          </reporter-output>
        </test-method> <!-- beforeClass -->
        <test-method is-config="true" signature="beforeMethod()[pri:0, instance:pac.SearchTest@4c178a76]" started-at="2026-08-10T23:38:06 IST" name="beforeMethod" finished-at="2026-08-10T23:38:06 IST" duration-ms="1" status="PASS">
          <reporter-output>
          </reporter-output>
        </test-method> <!-- beforeMethod -->
        <test-method signature="searchFlowTest(java.lang.String,java.lang.String)[pri:0, instance:pac.SearchTest@4c178a76]" started-at="2026-08-10T23:38:06 IST" name="searchFlowTest" data-provider="searchData" finished-at="2026-08-10T23:38:07 IST" duration-ms="757" status="PASS">
          <params>
            <param index="0">
              <value>
                <![CDATA[Mobile]]>
              </value>
            </param>
            <param index="1">
              <value>
                <![CDATA[Monitors]]>
              </value>
            </param>
          </params>
          <reporter-output>
            <line>
              <![CDATA[Searching Monitors]]>
            </line>
          </reporter-output>
        </test-method> <!-- searchFlowTest -->
        <test-method is-config="true" signature="afterMethod()[pri:0, instance:pac.SearchTest@4c178a76]" started-at="2026-08-10T23:38:07 IST" name="afterMethod" finished-at="2026-08-10T23:38:07 IST" duration-ms="1" status="PASS">
          <reporter-output>
          </reporter-output>
        </test-method> <!-- afterMethod -->
        <test-method is-config="true" signature="beforeMethod()[pri:0, instance:pac.SearchTest@4c178a76]" started-at="2026-08-10T23:38:07 IST" name="beforeMethod" finished-at="2026-08-10T23:38:07 IST" duration-ms="0" status="PASS">
          <reporter-output>
          </reporter-output>
        </test-method> <!-- beforeMethod -->
        <test-method signature="searchFlowTest(java.lang.String,java.lang.String)[pri:0, instance:pac.SearchTest@4c178a76]" started-at="2026-08-10T23:38:07 IST" name="searchFlowTest" data-provider="searchData" finished-at="2026-08-10T23:38:07 IST" duration-ms="523" status="PASS">
          <params>
            <param index="0">
              <value>
                <![CDATA[Laptop]]>
              </value>
            </param>
            <param index="1">
              <value>
                <![CDATA[Phones]]>
              </value>
            </param>
          </params>
          <reporter-output>
            <line>
              <![CDATA[Searching Phones]]>
            </line>
          </reporter-output>
        </test-method> <!-- searchFlowTest -->
        <test-method is-config="true" signature="afterMethod()[pri:0, instance:pac.SearchTest@4c178a76]" started-at="2026-08-10T23:38:07 IST" name="afterMethod" finished-at="2026-08-10T23:38:07 IST" duration-ms="1" status="PASS">
          <reporter-output>
          </reporter-output>
        </test-method> <!-- afterMethod -->
        <test-method is-config="true" signature="beforeMethod()[pri:0, instance:pac.SearchTest@4c178a76]" started-at="2026-08-10T23:38:07 IST" name="beforeMethod" finished-at="2026-08-10T23:38:07 IST" duration-ms="1" status="PASS">
          <reporter-output>
          </reporter-output>
        </test-method> <!-- beforeMethod -->
        <test-method signature="searchFlowTest(java.lang.String,java.lang.String)[pri:0, instance:pac.SearchTest@4c178a76]" started-at="2026-08-10T23:38:07 IST" name="searchFlowTest" data-provider="searchData" finished-at="2026-08-10T23:38:08 IST" duration-ms="510" status="PASS">
          <params>
            <param index="0">
              <value>
                <![CDATA[Camera]]>
              </value>
            </param>
            <param index="1">
              <value>
                <![CDATA[Cameras]]>
              </value>
            </param>
          </params>
          <reporter-output>
            <line>
              <![CDATA[Searching Cameras]]>
            </line>
          </reporter-output>
        </test-method> <!-- searchFlowTest -->
        <test-method is-config="true" signature="afterMethod()[pri:0, instance:pac.SearchTest@4c178a76]" started-at="2026-08-10T23:38:08 IST" name="afterMethod" finished-at="2026-08-10T23:38:08 IST" duration-ms="1" status="PASS">
          <reporter-output>
          </reporter-output>
        </test-method> <!-- afterMethod -->
        <test-method is-config="true" signature="afterClass()[pri:0, instance:pac.SearchTest@4c178a76]" started-at="2026-08-10T23:38:08 IST" name="afterClass" finished-at="2026-08-10T23:38:08 IST" duration-ms="1" status="PASS">
          <reporter-output>
          </reporter-output>
        </test-method> <!-- afterClass -->
        <test-method is-config="true" signature="afterTest()[pri:0, instance:pac.SearchTest@4c178a76]" started-at="2026-08-10T23:38:08 IST" name="afterTest" finished-at="2026-08-10T23:38:08 IST" duration-ms="1" status="PASS">
          <reporter-output>
          </reporter-output>
        </test-method> <!-- afterTest -->
        <test-method is-config="true" signature="tearDown()[pri:0, instance:pac.SearchTest@4c178a76]" started-at="2026-08-10T23:38:08 IST" name="tearDown" finished-at="2026-08-10T23:38:08 IST" duration-ms="558" status="PASS">
          <reporter-output>
            <line>
              <![CDATA[Closing Browser]]>
            </line>
          </reporter-output>
        </test-method> <!-- tearDown -->
      </class> <!-- pac.SearchTest -->
    </test> <!-- Default test -->
  </suite> <!-- Default suite -->
</testng-results>
