<?xml version="1.0" encoding="UTF-8"?>
<!-- Generated by org.testng.reporters.JUnitReportReporter -->
<testsuite hostname="ENCDAPPUNLT0479" failures="0" tests="2" name="test.MultiBrowserTest" time="33.559" errors="0" timestamp="2026-08-08T14:20:21 IST" skipped="0">
  <testcase classname="test.MultiBrowserTest" name="chromeTest" time="19.269">
    <system-out>
      <![CDATA[Clicked on Desktops
Mac Heading Verified
Add To Cart Verified
Search Result Verified]]>
    </system-out>
  </testcase> <!-- chromeTest -->
  <testcase classname="test.MultiBrowserTest" name="edgeTest" time="14.290">
    <system-out>
      <![CDATA[Clicked on Desktops
Mac Heading Verified
Add To Cart Verified
Search Result Verified]]>
    </system-out>
  </testcase> <!-- edgeTest -->
  <system-out>
    <![CDATA[Clicked on Desktops
Mac Heading Verified
Add To Cart Verified
Search Result Verified
Clicked on Desktops
Mac Heading Verified
Add To Cart Verified
Search Result Verified]]>
  </system-out>
</testsuite> <!-- test.MultiBrowserTest -->
