<?xml version="1.0" encoding="UTF-8"?>
<!-- Generated by org.testng.reporters.JUnitReportReporter -->
<testsuite hostname="ENCDAPPUNLT0479" failures="0" tests="4" name="pac1.TC006_ParallelTest" time="266.063" errors="0" timestamp="2026-08-07T21:02:59 IST" skipped="0">
  <testcase classname="pac1.TC006_ParallelTest" name="test4" time="80.004"/>
  <testcase classname="pac1.TC006_ParallelTest" name="test3" time="63.813"/>
  <testcase classname="pac1.TC006_ParallelTest" name="test1" time="62.961"/>
  <testcase classname="pac1.TC006_ParallelTest" name="test12" time="59.285"/>
</testsuite> <!-- pac1.TC006_ParallelTest -->
