<?xml version="1.0" encoding="UTF-8"?>
<!-- Generated by org.testng.reporters.JUnitReportReporter -->
<testsuite hostname="ENCDAPPUNLT0479" failures="0" tests="9" name="pac1.TC005_TestNG_Multibrowser" time="274.747" errors="0" timestamp="2026-08-07T10:58:44 IST" skipped="0">
  <testcase classname="pac1.TC005_TestNG_Multibrowser" name="f" time="26.533"/>
  <testcase classname="pac1.TC005_TestNG_Multibrowser" name="f" time="21.549"/>
  <testcase classname="pac1.TC005_TestNG_Multibrowser" name="f" time="19.228"/>
  <testcase classname="pac1.TC005_TestNG_Multibrowser" name="f" time="37.598"/>
  <testcase classname="pac1.TC005_TestNG_Multibrowser" name="f" time="39.419"/>
  <testcase classname="pac1.TC005_TestNG_Multibrowser" name="f" time="24.440"/>
  <testcase classname="pac1.TC005_TestNG_Multibrowser" name="f" time="30.801"/>
  <testcase classname="pac1.TC005_TestNG_Multibrowser" name="f" time="32.141"/>
  <testcase classname="pac1.TC005_TestNG_Multibrowser" name="f" time="43.038"/>
</testsuite> <!-- pac1.TC005_TestNG_Multibrowser -->
