<?xml version="1.0" encoding="UTF-8"?>
<!-- Generated by org.testng.reporters.JUnitReportReporter -->
<testsuite hostname="ENCDAPPUNLT0479" failures="0" tests="1" name="pac.SearchTest" time="8.445" errors="0" timestamp="2026-08-11T12:13:15 IST" skipped="0">
  <testcase classname="pac.SearchTest" name="searchFlowtest" time="8.445">
    <system-out>
      <![CDATA[Launching Browser
Searching Monitors
Search Verified]]>
    </system-out>
  </testcase> <!-- searchFlowtest -->
  <system-out>
    <![CDATA[Launching Browser
Clicked on Desktops
Verified Mac Heading
Add to Cart Verified
Launching Browser
Searching Monitors
Search Verified]]>
  </system-out>
</testsuite> <!-- pac.SearchTest -->
