<?xml version="1.0" encoding="UTF-8"?>
<!-- Generated by org.testng.reporters.JUnitReportReporter -->
<testsuite hostname="ENCDAPPUNLT0479" failures="0" tests="1" name="pac.DesktopTest" time="10.542" errors="0" timestamp="2026-08-11T12:13:15 IST" skipped="0">
  <testcase classname="pac.DesktopTest" name="DesktopFlowTest" time="10.542">
    <system-out>
      <![CDATA[Launching Browser
Clicked on Desktops
Verified Mac Heading
Add to Cart Verified]]>
    </system-out>
  </testcase> <!-- DesktopFlowTest -->
  <system-out>
    <![CDATA[Launching Browser
Clicked on Desktops
Verified Mac Heading
Add to Cart Verified
Launching Browser
Searching Monitors
Search Verified]]>
  </system-out>
</testsuite> <!-- pac.DesktopTest -->
