<?xml version="1.0" encoding="UTF-8"?>
<!-- Generated by org.testng.reporters.JUnitReportReporter -->
<testsuite hostname="ENCDAPPUNLT0479" failures="0" tests="6" name="pac.RegisterTest" time="52.151" errors="0" timestamp="2026-08-11T11:33:40 IST" skipped="0">
  <testcase classname="pac.RegisterTest" name="fillRegisterForm" time="9.852">
    <system-out>
      <![CDATA[Home Page Verified
Clicked on Register button
Register Page Verified
Filled personal Details
Filled password Details
Submitted successfully
Account already exists - treated as PASS]]>
    </system-out>
  </testcase> <!-- fillRegisterForm -->
  <testcase classname="pac.RegisterTest" name="fillRegisterForm" time="8.707">
    <system-out>
      <![CDATA[Home Page Verified
Clicked on Register button
Register Page Verified
Filled personal Details
Filled password Details
Submitted successfully
Account already exists - treated as PASS]]>
    </system-out>
  </testcase> <!-- fillRegisterForm -->
  <testcase classname="pac.RegisterTest" name="fillRegisterForm" time="7.883">
    <system-out>
      <![CDATA[Home Page Verified
Clicked on Register button
Register Page Verified
Filled personal Details
Filled password Details
Submitted successfully
Account already exists - treated as PASS]]>
    </system-out>
  </testcase> <!-- fillRegisterForm -->
  <testcase classname="pac.RegisterTest" name="fillRegisterForm" time="7.386">
    <system-out>
      <![CDATA[Home Page Verified
Clicked on Register button
Register Page Verified
Filled personal Details
Filled password Details
Submitted successfully
Account already exists - treated as PASS]]>
    </system-out>
  </testcase> <!-- fillRegisterForm -->
  <testcase classname="pac.RegisterTest" name="fillRegisterForm" time="9.862">
    <system-out>
      <![CDATA[Home Page Verified
Clicked on Register button
Register Page Verified
Filled personal Details
Filled password Details
Submitted successfully
Account already exists - treated as PASS]]>
    </system-out>
  </testcase> <!-- fillRegisterForm -->
  <testcase classname="pac.RegisterTest" name="fillRegisterForm" time="8.461">
    <system-out>
      <![CDATA[Home Page Verified
Clicked on Register button
Register Page Verified
Filled personal Details
Filled password Details
Submitted successfully
Account already exists - treated as PASS]]>
    </system-out>
  </testcase> <!-- fillRegisterForm -->
  <system-out>
    <![CDATA[Launching Browser
Home Page Verified
Clicked on Register button
Register Page Verified
Filled personal Details
Filled password Details
Submitted successfully
Account already exists - treated as PASS
Launching Browser
Home Page Verified
Clicked on Register button
Register Page Verified
Filled personal Details
Filled password Details
Submitted successfully
Account already exists - treated as PASS
Launching Browser
Home Page Verified
Clicked on Register button
Register Page Verified
Filled personal Details
Filled password Details
Submitted successfully
Account already exists - treated as PASS
Launching Browser
Home Page Verified
Clicked on Register button
Register Page Verified
Filled personal Details
Filled password Details
Submitted successfully
Account already exists - treated as PASS
Launching Browser
Home Page Verified
Clicked on Register button
Register Page Verified
Filled personal Details
Filled password Details
Submitted successfully
Account already exists - treated as PASS
Launching Browser
Home Page Verified
Clicked on Register button
Register Page Verified
Filled personal Details
Filled password Details
Submitted successfully
Account already exists - treated as PASS]]>
  </system-out>
</testsuite> <!-- pac.RegisterTest -->
