<?xml version="1.0" encoding="UTF-8"?>
<testng-results ignored="0" total="2" passed="2" failed="0" skipped="0">
  <reporter-output>
    <line>
      <![CDATA[Launching Browser]]>
    </line>
    <line>
      <![CDATA[Application Opened Successfully]]>
    </line>
    <line>
      <![CDATA[Launching Browser]]>
    </line>
    <line>
      <![CDATA[Application Opened Successfully]]>
    </line>
  </reporter-output>
  <suite started-at="2026-08-12T12:40:44 IST" name="Default suite" finished-at="2026-08-12T12:40:56 IST" duration-ms="12028">
    <groups>
    </groups>
    <test started-at="2026-08-12T12:40:44 IST" name="Default test" finished-at="2026-08-12T12:40:56 IST" duration-ms="12028">
      <class name="pac.RegisterTest">
        <test-method is-config="true" signature="beforeMethod(java.lang.String)[pri:0, instance:pac.RegisterTest@233795b6]" started-at="2026-08-12T12:40:45 IST" name="beforeMethod" finished-at="2026-08-12T12:40:49 IST" duration-ms="4813" status="PASS">
          <params>
            <param index="0">
              <value>
                <![CDATA[chrome]]>
              </value>
            </param>
          </params>
          <reporter-output>
            <line>
              <![CDATA[Launching Browser]]>
            </line>
            <line>
              <![CDATA[Application Opened Successfully]]>
            </line>
          </reporter-output>
        </test-method> <!-- beforeMethod -->
        <test-method signature="fillRegisterForm(java.lang.String,java.lang.String,java.lang.String,java.lang.String,java.lang.String,java.lang.String)[pri:0, instance:pac.RegisterTest@233795b6]" started-at="2026-08-12T12:40:49 IST" name="fillRegisterForm" data-provider="UserDetails" finished-at="2026-08-12T12:40:49 IST" duration-ms="17" status="PASS">
          <params>
            <param index="0">
              <value>
                <![CDATA[Jahnavi]]>
              </value>
            </param>
            <param index="1">
              <value>
                <![CDATA[Reddy]]>
              </value>
            </param>
            <param index="2">
              <value>
                <![CDATA[jahnavi@gmail.com]]>
              </value>
            </param>
            <param index="3">
              <value>
                <![CDATA[9876543210]]>
              </value>
            </param>
            <param index="4">
              <value>
                <![CDATA[Test@123]]>
              </value>
            </param>
            <param index="5">
              <value>
                <![CDATA[Test@123]]>
              </value>
            </param>
          </params>
          <reporter-output>
          </reporter-output>
        </test-method> <!-- fillRegisterForm -->
        <test-method is-config="true" signature="afterMethod()[pri:0, instance:pac.RegisterTest@233795b6]" started-at="2026-08-12T12:40:49 IST" name="afterMethod" finished-at="2026-08-12T12:40:50 IST" duration-ms="436" status="PASS">
          <reporter-output>
          </reporter-output>
        </test-method> <!-- afterMethod -->
        <test-method is-config="true" signature="beforeMethod(java.lang.String)[pri:0, instance:pac.RegisterTest@233795b6]" started-at="2026-08-12T12:40:50 IST" name="beforeMethod" finished-at="2026-08-12T12:40:54 IST" duration-ms="4284" status="PASS">
          <params>
            <param index="0">
              <value>
                <![CDATA[chrome]]>
              </value>
            </param>
          </params>
          <reporter-output>
            <line>
              <![CDATA[Launching Browser]]>
            </line>
            <line>
              <![CDATA[Application Opened Successfully]]>
            </line>
          </reporter-output>
        </test-method> <!-- beforeMethod -->
        <test-method signature="fillRegisterForm(java.lang.String,java.lang.String,java.lang.String,java.lang.String,java.lang.String,java.lang.String)[pri:0, instance:pac.RegisterTest@233795b6]" started-at="2026-08-12T12:40:54 IST" name="fillRegisterForm" data-provider="UserDetails" finished-at="2026-08-12T12:40:54 IST" duration-ms="3" status="PASS">
          <params>
            <param index="0">
              <value>
                <![CDATA[Ram]]>
              </value>
            </param>
            <param index="1">
              <value>
                <![CDATA[Kumar]]>
              </value>
            </param>
            <param index="2">
              <value>
                <![CDATA[ram@gmail.com]]>
              </value>
            </param>
            <param index="3">
              <value>
                <![CDATA[9876543211]]>
              </value>
            </param>
            <param index="4">
              <value>
                <![CDATA[Test@123]]>
              </value>
            </param>
            <param index="5">
              <value>
                <![CDATA[Test@123]]>
              </value>
            </param>
          </params>
          <reporter-output>
          </reporter-output>
        </test-method> <!-- fillRegisterForm -->
        <test-method is-config="true" signature="afterMethod()[pri:0, instance:pac.RegisterTest@233795b6]" started-at="2026-08-12T12:40:54 IST" name="afterMethod" finished-at="2026-08-12T12:40:56 IST" duration-ms="1772" status="PASS">
          <reporter-output>
          </reporter-output>
        </test-method> <!-- afterMethod -->
      </class> <!-- pac.RegisterTest -->
    </test> <!-- Default test -->
  </suite> <!-- Default suite -->
</testng-results>
