<?xml version="1.0" encoding="UTF-8"?>
<!-- Generated by org.testng.reporters.JUnitReportReporter -->
<testsuite hostname="ENCDAPPUNLT0479" failures="1" tests="6" name="pac.RegisterTest" time="100.353" errors="0" timestamp="2026-08-11T10:01:55 IST" skipped="0">
  <testcase classname="pac.RegisterTest" name="fillRegisterForm" time="24.642">
    <system-out>
      <![CDATA[Home Page Verified
Clicked My Account
Clicked Register
Register Page Verified
Personal details filled
Password details filled
Registration form submitted
Account already exists]]>
    </system-out>
  </testcase> <!-- fillRegisterForm -->
  <testcase classname="pac.RegisterTest" name="fillRegisterForm" time="17.237">
    <system-out>
      <![CDATA[Home Page Verified
Clicked My Account
Clicked Register
Register Page Verified
Personal details filled
Password details filled
Registration form submitted
Account created successfully]]>
    </system-out>
  </testcase> <!-- fillRegisterForm -->
  <testcase classname="pac.RegisterTest" name="fillRegisterForm" time="14.656">
    <failure message="Unexpected Result : Registration result not found" type="java.lang.AssertionError">
      <![CDATA[java.lang.AssertionError: Unexpected Result : Registration result not found
at org.testng.Assert.fail(Assert.java:111)
at pac.RegisterTest.fillRegisterForm(RegisterTest.java:94)
at java.base/jdk.internal.reflect.DirectMethodHandleAccessor.invoke(DirectMethodHandleAccessor.java:103)
at java.base/java.lang.reflect.Method.invoke(Method.java:580)
at org.testng.internal.invokers.MethodInvocationHelper.invokeMethod(MethodInvocationHelper.java:141)
at org.testng.internal.invokers.TestInvoker.invokeMethod(TestInvoker.java:697)
at org.testng.internal.invokers.TestInvoker.invokeTestMethod(TestInvoker.java:230)
at org.testng.internal.invokers.MethodRunner.runInSequence(MethodRunner.java:63)
at org.testng.internal.invokers.TestInvoker$MethodInvocationAgent.invoke(TestInvoker.java:1005)
at org.testng.internal.invokers.TestInvoker.invokeTestMethods(TestInvoker.java:203)
at org.testng.internal.invokers.TestMethodWorker.invokeTestMethods(TestMethodWorker.java:154)
at org.testng.internal.invokers.TestMethodWorker.run(TestMethodWorker.java:134)
at java.base/java.util.ArrayList.forEach(ArrayList.java:1596)
at org.testng.TestRunner.privateRun(TestRunner.java:744)
at org.testng.TestRunner.run(TestRunner.java:616)
at org.testng.SuiteRunner.runTest(SuiteRunner.java:421)
at org.testng.SuiteRunner.runSequentially(SuiteRunner.java:413)
at org.testng.SuiteRunner.privateRun(SuiteRunner.java:373)
at org.testng.SuiteRunner.run(SuiteRunner.java:312)
at org.testng.SuiteRunnerWorker.runSuite(SuiteRunnerWorker.java:52)
at org.testng.SuiteRunnerWorker.run(SuiteRunnerWorker.java:95)
at org.testng.TestNG.runSuitesSequentially(TestNG.java:1274)
at org.testng.TestNG.runSuitesLocally(TestNG.java:1208)
at org.testng.TestNG.runSuites(TestNG.java:1112)
at org.testng.TestNG.run(TestNG.java:1079)
at org.testng.remote.AbstractRemoteTestNG.run(AbstractRemoteTestNG.java:115)
at org.testng.remote.RemoteTestNG.initAndRun(RemoteTestNG.java:293)
at org.testng.remote.RemoteTestNG.main(RemoteTestNG.java:91)
]]>
    </failure>
    <system-out>
      <![CDATA[Home Page Verified
Clicked My Account
Clicked Register
Register Page Verified
Personal details filled
Password details filled
Registration form submitted]]>
    </system-out>
  </testcase> <!-- fillRegisterForm -->
  <testcase classname="pac.RegisterTest" name="fillRegisterForm" time="13.408">
    <system-out>
      <![CDATA[Home Page Verified
Clicked My Account
Clicked Register
Register Page Verified
Personal details filled
Password details filled
Registration form submitted
Account created successfully]]>
    </system-out>
  </testcase> <!-- fillRegisterForm -->
  <testcase classname="pac.RegisterTest" name="fillRegisterForm" time="16.801">
    <system-out>
      <![CDATA[Home Page Verified
Clicked My Account
Clicked Register
Register Page Verified
Personal details filled
Password details filled
Registration form submitted
Account created successfully]]>
    </system-out>
  </testcase> <!-- fillRegisterForm -->
  <testcase classname="pac.RegisterTest" name="fillRegisterForm" time="13.609">
    <system-out>
      <![CDATA[Home Page Verified
Clicked My Account
Clicked Register
Register Page Verified
Personal details filled
Password details filled
Registration form submitted
Account created successfully]]>
    </system-out>
  </testcase> <!-- fillRegisterForm -->
  <system-out>
    <![CDATA[Launching Browser
Home Page Verified
Clicked My Account
Clicked Register
Register Page Verified
Personal details filled
Password details filled
Registration form submitted
Launching Browser
Home Page Verified
Clicked My Account
Clicked Register
Register Page Verified
Personal details filled
Password details filled
Registration form submitted
Account created successfully
Launching Browser
Home Page Verified
Clicked My Account
Clicked Register
Register Page Verified
Personal details filled
Password details filled
Registration form submitted
Account already exists
Launching Browser
Home Page Verified
Clicked My Account
Clicked Register
Register Page Verified
Personal details filled
Password details filled
Registration form submitted
Account created successfully
Launching Browser
Home Page Verified
Clicked My Account
Clicked Register
Register Page Verified
Personal details filled
Password details filled
Registration form submitted
Account created successfully
Launching Browser
Home Page Verified
Clicked My Account
Clicked Register
Register Page Verified
Personal details filled
Password details filled
Registration form submitted
Account created successfully]]>
  </system-out>
</testsuite> <!-- pac.RegisterTest -->
