<?xml version="1.0" encoding="UTF-8"?>
<!-- Generated by org.testng.reporters.JUnitReportReporter -->
<testsuite hostname="ENCDAPPUNLT0479" failures="0" tests="2" name="pac.DesktopTest" time="4.499" errors="0" timestamp="2026-08-12T12:16:14 IST" skipped="0">
  <testcase classname="pac.DesktopTest" name="DesktopFlow" time="2.835">
    <system-out>
      <![CDATA[Clicked on Desktops
Mac Heading Verified
Add to cart Verified]]>
    </system-out>
  </testcase> <!-- DesktopFlow -->
  <testcase classname="pac.DesktopTest" name="DesktopFlow" time="1.664">
    <system-out>
      <![CDATA[Clicked on Desktops
Mac Heading Verified
Add to cart Verified]]>
    </system-out>
  </testcase> <!-- DesktopFlow -->
  <system-out>
    <![CDATA[Launching Browser
Clicked on Desktops
Mac Heading Verified
Add to cart Verified
Clicked on Desktops
Mac Heading Verified
Add to cart Verified]]>
  </system-out>
</testsuite> <!-- pac.DesktopTest -->
