<?xml version="1.0" encoding="UTF-8"?>
<testng-results ignored="0" total="2" passed="2" failed="0" skipped="0">
  <reporter-output>
    <line>
      <![CDATA[Launching Browser]]>
    </line>
    <line>
      <![CDATA[Clicked on Desktops]]>
    </line>
    <line>
      <![CDATA[Verified Mac Heading]]>
    </line>
    <line>
      <![CDATA[Add to Cart Verified]]>
    </line>
    <line>
      <![CDATA[Launching Browser]]>
    </line>
    <line>
      <![CDATA[Searching Monitors]]>
    </line>
    <line>
      <![CDATA[Search Verified]]>
    </line>
  </reporter-output>
  <suite started-at="2026-08-11T12:12:56 IST" name="Default suite" finished-at="2026-08-11T12:13:15 IST" duration-ms="19063">
    <groups>
    </groups>
    <test started-at="2026-08-11T12:12:56 IST" name="Default test" finished-at="2026-08-11T12:13:15 IST" duration-ms="19063">
      <class name="pac.DesktopTest">
        <test-method signature="DesktopFlowTest()[pri:0, instance:pac.DesktopTest@22ff4249]" started-at="2026-08-11T12:12:56 IST" name="DesktopFlowTest" finished-at="2026-08-11T12:13:06 IST" duration-ms="10542" status="PASS">
          <reporter-output>
            <line>
              <![CDATA[Launching Browser]]>
            </line>
            <line>
              <![CDATA[Clicked on Desktops]]>
            </line>
            <line>
              <![CDATA[Verified Mac Heading]]>
            </line>
            <line>
              <![CDATA[Add to Cart Verified]]>
            </line>
          </reporter-output>
        </test-method> <!-- DesktopFlowTest -->
      </class> <!-- pac.DesktopTest -->
      <class name="pac.SearchTest">
        <test-method signature="searchFlowtest()[pri:0, instance:pac.SearchTest@3b69e7d1]" started-at="2026-08-11T12:13:06 IST" name="searchFlowtest" finished-at="2026-08-11T12:13:15 IST" duration-ms="8445" status="PASS">
          <reporter-output>
            <line>
              <![CDATA[Launching Browser]]>
            </line>
            <line>
              <![CDATA[Searching Monitors]]>
            </line>
            <line>
              <![CDATA[Search Verified]]>
            </line>
          </reporter-output>
        </test-method> <!-- searchFlowtest -->
      </class> <!-- pac.SearchTest -->
    </test> <!-- Default test -->
  </suite> <!-- Default suite -->
</testng-results>
