<?xml version="1.0" encoding="UTF-8"?>
<!-- Generated by org.testng.reporters.JUnitXMLReporter -->
<testsuite ignored="4" hostname="ENCDAPPUNLT0479" failures="0" tests="6" name="Default test" time="52.242" errors="0" timestamp="2026-08-11T11:33:40 IST">
  <testcase classname="pac.RegisterTest" name="fillRegisterForm" time="2.947"/>
  <testcase classname="pac.RegisterTest" name="fillRegisterForm" time="2.455"/>
  <testcase classname="pac.RegisterTest" name="fillRegisterForm" time="3.155"/>
  <testcase classname="pac.RegisterTest" name="fillRegisterForm" time="3.374"/>
  <testcase classname="pac.RegisterTest" name="fillRegisterForm" time="2.574"/>
  <testcase classname="pac.RegisterTest" name="fillRegisterForm" time="2.961"/>
  <testcase classname="pac.BaseTest" name="@AfterSuite tearDown" time="0.0">
    <ignored/>
  </testcase> <!-- @AfterSuite tearDown -->
  <testcase classname="pac.BaseTest" name="@BeforeTest beforeTest" time="0.0">
    <ignored/>
  </testcase> <!-- @BeforeTest beforeTest -->
  <testcase classname="pac.BaseTest" name="@AfterTest afterTest" time="0.0">
    <ignored/>
  </testcase> <!-- @AfterTest afterTest -->
  <testcase classname="pac.BaseTest" name="@BeforeSuite setup" time="0.0">
    <ignored/>
  </testcase> <!-- @BeforeSuite setup -->
</testsuite> <!-- Default test -->
