<?xml version="1.0" encoding="UTF-8"?>
<!-- Generated by org.testng.reporters.JUnitReportReporter -->
<testsuite hostname="ENCDAPPUNLT0479" failures="0" tests="3" name="pac.SearchTest" time="1.795" errors="0" timestamp="2026-08-10T23:38:09 IST" skipped="0">
  <testcase classname="pac.SearchTest" name="searchFlowTest" time="0.759">
    <system-out>
      <![CDATA[Searching Monitors]]>
    </system-out>
  </testcase> <!-- searchFlowTest -->
  <testcase classname="pac.SearchTest" name="searchFlowTest" time="0.524">
    <system-out>
      <![CDATA[Searching Phones]]>
    </system-out>
  </testcase> <!-- searchFlowTest -->
  <testcase classname="pac.SearchTest" name="searchFlowTest" time="0.512">
    <system-out>
      <![CDATA[Searching Cameras]]>
    </system-out>
  </testcase> <!-- searchFlowTest -->
  <system-out>
    <![CDATA[Launching Browser
Searching Monitors
Searching Phones
Searching Cameras
Closing Browser]]>
  </system-out>
</testsuite> <!-- pac.SearchTest -->
