<?xml version="1.0" encoding="UTF-8"?>
<testng-results ignored="0" total="5" passed="5" failed="0" skipped="0">
  <reporter-output>
  </reporter-output>
  <suite started-at="2026-08-08T15:45:38 IST" name="Default suite" finished-at="2026-08-08T15:45:45 IST" duration-ms="6326">
    <groups>
    </groups>
    <test started-at="2026-08-08T15:45:38 IST" name="Default test" finished-at="2026-08-08T15:45:45 IST" duration-ms="6326">
      <class name="pac.DesktopTest">
        <test-method is-config="true" signature="setup()[pri:0, instance:pac.DesktopTest@6200f9cb]" started-at="2026-08-08T15:45:27 IST" name="setup" finished-at="2026-08-08T15:45:38 IST" duration-ms="11468" status="PASS">
          <reporter-output>
          </reporter-output>
        </test-method> <!-- setup -->
        <test-method signature="desktopFlow(java.lang.String)[pri:0, instance:pac.DesktopTest@6200f9cb]" started-at="2026-08-08T15:45:39 IST" name="desktopFlow" data-provider="sortData" finished-at="2026-08-08T15:45:40 IST" duration-ms="1944" status="PASS">
          <params>
            <param index="0">
              <value>
                <![CDATA[Name (A - Z)]]>
              </value>
            </param>
          </params>
          <reporter-output>
          </reporter-output>
        </test-method> <!-- desktopFlow -->
        <test-method signature="desktopFlow(java.lang.String)[pri:0, instance:pac.DesktopTest@6200f9cb]" started-at="2026-08-08T15:45:40 IST" name="desktopFlow" data-provider="sortData" finished-at="2026-08-08T15:45:42 IST" duration-ms="1578" status="PASS">
          <params>
            <param index="0">
              <value>
                <![CDATA[Name (Z - A)]]>
              </value>
            </param>
          </params>
          <reporter-output>
          </reporter-output>
        </test-method> <!-- desktopFlow -->
        <test-method is-config="true" signature="tearDown()[pri:0, instance:pac.DesktopTest@6200f9cb]" started-at="2026-08-08T15:45:45 IST" name="tearDown" finished-at="2026-08-08T15:45:45 IST" duration-ms="586" status="PASS">
          <reporter-output>
          </reporter-output>
        </test-method> <!-- tearDown -->
      </class> <!-- pac.DesktopTest -->
      <class name="pac.SearchTest">
        <test-method signature="searchFlow(java.lang.String,java.lang.String)[pri:0, instance:pac.SearchTest@7dc0f706]" started-at="2026-08-08T15:45:42 IST" name="searchFlow" data-provider="searchData" finished-at="2026-08-08T15:45:43 IST" duration-ms="1057" status="PASS">
          <params>
            <param index="0">
              <value>
                <![CDATA[Mobile]]>
              </value>
            </param>
            <param index="1">
              <value>
                <![CDATA[Monitors]]>
              </value>
            </param>
          </params>
          <reporter-output>
          </reporter-output>
        </test-method> <!-- searchFlow -->
        <test-method signature="searchFlow(java.lang.String,java.lang.String)[pri:0, instance:pac.SearchTest@7dc0f706]" started-at="2026-08-08T15:45:43 IST" name="searchFlow" data-provider="searchData" finished-at="2026-08-08T15:45:44 IST" duration-ms="655" status="PASS">
          <params>
            <param index="0">
              <value>
                <![CDATA[Laptop]]>
              </value>
            </param>
            <param index="1">
              <value>
                <![CDATA[Phones]]>
              </value>
            </param>
          </params>
          <reporter-output>
          </reporter-output>
        </test-method> <!-- searchFlow -->
        <test-method signature="searchFlow(java.lang.String,java.lang.String)[pri:0, instance:pac.SearchTest@7dc0f706]" started-at="2026-08-08T15:45:44 IST" name="searchFlow" data-provider="searchData" finished-at="2026-08-08T15:45:45 IST" duration-ms="959" status="PASS">
          <params>
            <param index="0">
              <value>
                <![CDATA[Camera]]>
              </value>
            </param>
            <param index="1">
              <value>
                <![CDATA[Cameras]]>
              </value>
            </param>
          </params>
          <reporter-output>
          </reporter-output>
        </test-method> <!-- searchFlow -->
      </class> <!-- pac.SearchTest -->
    </test> <!-- Default test -->
  </suite> <!-- Default suite -->
</testng-results>
