<?xml version="1.0" encoding="UTF-8"?>
<!-- Generated by org.testng.reporters.JUnitXMLReporter -->
<testsuite ignored="4" hostname="ENCDAPPUNLT0479" failures="0" tests="5" name="Default test" time="9.316" errors="0" timestamp="2026-08-12T16:20:28 IST">
  <testcase classname="pac.DesktopTest" name="DesktopFlow" time="1.662"/>
  <testcase classname="pac.DesktopTest" name="DesktopFlow" time="1.187"/>
  <testcase classname="pac.SearchTest" name="searchFlowTest" time="0.775"/>
  <testcase classname="pac.SearchTest" name="searchFlowTest" time="0.653"/>
  <testcase classname="pac.SearchTest" name="searchFlowTest" time="1.138"/>
  <testcase classname="pac.BaseTest" name="@AfterSuite tearDown" time="0.0">
    <ignored/>
  </testcase> <!-- @AfterSuite tearDown -->
  <testcase classname="pac.BaseTest" name="@BeforeSuite setup" time="0.0">
    <ignored/>
  </testcase> <!-- @BeforeSuite setup -->
  <testcase classname="pac.BaseTest" name="@BeforeSuite setup" time="0.0">
    <ignored/>
  </testcase> <!-- @BeforeSuite setup -->
  <testcase classname="pac.BaseTest" name="@AfterSuite tearDown" time="0.0">
    <ignored/>
  </testcase> <!-- @AfterSuite tearDown -->
</testsuite> <!-- Default test -->
